TN:
SF:/Users/mikewalters/Projects/server-auth/index.js
FNF:0
FNH:0
DA:1,1
DA:2,1
DA:3,1
DA:4,1
DA:5,1
DA:6,1
DA:7,1
DA:8,1
DA:11,1
DA:14,1
DA:15,1
DA:16,1
DA:17,1
DA:20,1
DA:21,1
DA:22,1
DA:23,1
DA:25,1
LF:18
LH:18
BRDA:20,1,0,1
BRDA:20,1,1,1
BRF:2
BRH:2
end_of_record
TN:
SF:/Users/mikewalters/Projects/server-auth/router.js
FN:9,(anonymous_1)
FN:10,(anonymous_2)
FNF:2
FNH:1
FNDA:1,(anonymous_1)
FNDA:0,(anonymous_2)
DA:1,1
DA:2,1
DA:3,1
DA:5,1
DA:6,1
DA:7,1
DA:9,1
DA:10,1
DA:11,0
DA:13,1
DA:14,1
DA:15,1
DA:16,1
DA:17,1
DA:18,1
DA:19,1
DA:20,1
LF:17
LH:16
BRF:0
BRH:0
end_of_record
TN:
SF:/Users/mikewalters/Projects/server-auth/controllers/authentication.js
FN:8,tokenForUser
FN:15,refreshToken
FN:20,tokenForAdmin
FN:27,refreshTokenAdmin
FN:32,(anonymous_5)
FN:36,(anonymous_6)
FN:42,(anonymous_7)
FN:46,(anonymous_8)
FN:52,(anonymous_9)
FN:57,(anonymous_10)
FN:63,(anonymous_11)
FN:68,(anonymous_12)
FN:74,(anonymous_13)
FN:75,(anonymous_14)
FN:81,(anonymous_15)
FN:90,(anonymous_16)
FN:101,(anonymous_17)
FN:117,(anonymous_18)
FN:146,(anonymous_19)
FN:147,(anonymous_20)
FN:157,(anonymous_21)
FN:183,(anonymous_22)
FN:188,(anonymous_23)
FN:195,(anonymous_24)
FNF:24
FNH:18
FNDA:11,tokenForUser
FNDA:11,refreshToken
FNDA:0,tokenForAdmin
FNDA:0,refreshTokenAdmin
FNDA:1,(anonymous_5)
FNDA:1,(anonymous_6)
FNDA:0,(anonymous_7)
FNDA:0,(anonymous_8)
FNDA:3,(anonymous_9)
FNDA:3,(anonymous_10)
FNDA:0,(anonymous_11)
FNDA:0,(anonymous_12)
FNDA:8,(anonymous_13)
FNDA:8,(anonymous_14)
FNDA:7,(anonymous_15)
FNDA:14,(anonymous_16)
FNDA:13,(anonymous_17)
FNDA:12,(anonymous_18)
FNDA:2,(anonymous_19)
FNDA:2,(anonymous_20)
FNDA:1,(anonymous_21)
FNDA:4,(anonymous_22)
FNDA:3,(anonymous_23)
FNDA:2,(anonymous_24)
DA:1,1
DA:2,1
DA:3,1
DA:4,1
DA:5,1
DA:6,1
DA:8,1
DA:9,11
DA:10,11
DA:15,1
DA:16,11
DA:17,11
DA:20,1
DA:21,0
DA:22,0
DA:27,1
DA:28,0
DA:29,0
DA:32,1
DA:33,1
DA:34,1
DA:35,1
DA:36,1
DA:37,1
DA:39,1
DA:42,1
DA:43,0
DA:44,0
DA:45,0
DA:46,0
DA:47,0
DA:49,0
DA:52,1
DA:54,3
DA:55,3
DA:56,3
DA:57,3
DA:58,3
DA:60,3
DA:63,1
DA:65,0
DA:66,0
DA:67,0
DA:68,0
DA:69,0
DA:71,0
DA:74,1
DA:75,8
DA:76,8
DA:77,8
DA:78,1
DA:80,7
DA:81,7
DA:82,7
DA:84,7
DA:90,1
DA:92,14
DA:93,14
DA:95,14
DA:96,1
DA:101,13
DA:102,13
DA:105,13
DA:106,1
DA:109,12
DA:117,12
DA:118,12
DA:119,12
DA:127,12
DA:134,12
DA:135,12
DA:136,1
DA:138,11
DA:146,1
DA:147,2
DA:148,2
DA:150,1
DA:153,1
DA:154,1
DA:155,1
DA:157,1
DA:158,1
DA:165,1
DA:171,1
DA:172,1
DA:173,0
DA:176,1
DA:183,1
DA:184,4
DA:185,4
DA:186,1
DA:188,3
DA:189,3
DA:190,1
DA:193,2
DA:194,2
DA:195,2
DA:196,2
DA:198,2
DA:206,2
DA:215,2
DA:216,2
DA:217,0
DA:220,2
LF:104
LH:86
BRDA:37,1,0,0
BRDA:37,1,1,1
BRDA:47,2,0,0
BRDA:47,2,1,0
BRDA:58,3,0,0
BRDA:58,3,1,3
BRDA:69,4,0,0
BRDA:69,4,1,0
BRDA:76,5,0,0
BRDA:76,5,1,8
BRDA:77,6,0,1
BRDA:77,6,1,7
BRDA:82,7,0,0
BRDA:82,7,1,7
BRDA:95,8,0,1
BRDA:95,8,1,13
BRDA:95,9,0,14
BRDA:95,9,1,14
BRDA:102,10,0,0
BRDA:102,10,1,13
BRDA:105,11,0,1
BRDA:105,11,1,12
BRDA:118,12,0,0
BRDA:118,12,1,12
BRDA:135,13,0,1
BRDA:135,13,1,11
BRDA:148,14,0,1
BRDA:148,14,1,1
BRDA:172,15,0,0
BRDA:172,15,1,1
BRDA:185,16,0,1
BRDA:185,16,1,3
BRDA:189,17,0,1
BRDA:189,17,1,2
BRDA:196,18,0,0
BRDA:196,18,1,2
BRDA:216,19,0,0
BRDA:216,19,1,2
BRF:38
BRH:25
end_of_record
TN:
SF:/Users/mikewalters/Projects/server-auth/models/user.js
FN:21,(anonymous_1)
FN:24,(anonymous_2)
FN:26,(anonymous_3)
FN:37,(anonymous_4)
FN:38,(anonymous_5)
FNF:5
FNH:5
FNDA:29,(anonymous_1)
FNDA:15,(anonymous_2)
FNDA:15,(anonymous_3)
FNDA:6,(anonymous_4)
FNDA:6,(anonymous_5)
DA:1,1
DA:2,1
DA:3,1
DA:5,1
DA:21,1
DA:22,29
DA:23,29
DA:24,15
DA:25,15
DA:26,15
DA:27,15
DA:28,15
DA:29,15
DA:33,14
DA:37,1
DA:38,6
DA:39,6
DA:40,4
DA:44,1
DA:48,1
LF:20
LH:20
BRDA:23,1,0,15
BRDA:23,1,1,14
BRDA:25,2,0,0
BRDA:25,2,1,15
BRDA:27,3,0,0
BRDA:27,3,1,15
BRDA:39,4,0,2
BRDA:39,4,1,4
BRF:8
BRH:6
end_of_record
TN:
SF:/Users/mikewalters/Projects/server-auth/models/admin.js
FN:16,(anonymous_1)
FN:19,(anonymous_2)
FN:21,(anonymous_3)
FN:33,(anonymous_4)
FN:35,(anonymous_5)
FNF:5
FNH:5
FNDA:3,(anonymous_1)
FNDA:3,(anonymous_2)
FNDA:3,(anonymous_3)
FNDA:2,(anonymous_4)
FNDA:2,(anonymous_5)
DA:1,1
DA:2,1
DA:3,1
DA:5,1
DA:16,1
DA:17,3
DA:18,3
DA:19,3
DA:20,3
DA:21,3
DA:22,3
DA:24,3
DA:25,3
DA:29,0
DA:33,1
DA:34,2
DA:35,2
DA:36,2
DA:37,0
DA:41,1
DA:45,1
LF:21
LH:19
BRDA:18,1,0,3
BRDA:18,1,1,0
BRDA:20,2,0,0
BRDA:20,2,1,3
BRDA:22,3,0,0
BRDA:22,3,1,3
BRDA:36,4,0,2
BRDA:36,4,1,0
BRF:8
BRH:4
end_of_record
TN:
SF:/Users/mikewalters/Projects/server-auth/config.js
FNF:0
FNH:0
DA:1,1
LF:1
LH:1
BRF:0
BRH:0
end_of_record
TN:
SF:/Users/mikewalters/Projects/server-auth/services/passport.js
FN:10,(anonymous_1)
FN:11,(anonymous_2)
FN:14,(anonymous_3)
FN:17,(anonymous_4)
FN:26,(anonymous_5)
FN:45,(anonymous_6)
FN:46,(anonymous_7)
FN:57,(anonymous_8)
FN:62,(anonymous_9)
FN:73,(anonymous_10)
FN:83,(anonymous_11)
FN:98,(anonymous_12)
FN:108,(anonymous_13)
FNF:13
FNH:5
FNDA:5,(anonymous_1)
FNDA:5,(anonymous_2)
FNDA:0,(anonymous_3)
FNDA:0,(anonymous_4)
FNDA:4,(anonymous_5)
FNDA:0,(anonymous_6)
FNDA:0,(anonymous_7)
FNDA:0,(anonymous_8)
FNDA:1,(anonymous_9)
FNDA:0,(anonymous_10)
FNDA:1,(anonymous_11)
FNDA:0,(anonymous_12)
FNDA:0,(anonymous_13)
DA:1,1
DA:2,1
DA:3,1
DA:4,1
DA:5,1
DA:6,1
DA:7,1
DA:9,1
DA:10,1
DA:11,5
DA:12,5
DA:13,5
DA:14,0
DA:15,0
DA:16,0
DA:17,0
DA:18,0
DA:19,0
DA:21,0
DA:25,5
DA:26,4
DA:27,4
DA:28,4
DA:30,3
DA:33,1
DA:41,1
DA:45,1
DA:46,0
DA:47,0
DA:48,0
DA:49,0
DA:51,0
DA:57,1
DA:58,0
DA:62,1
DA:66,1
DA:67,1
DA:68,1
DA:69,1
DA:70,0
DA:72,1
DA:73,0
DA:74,0
DA:75,0
DA:76,0
DA:78,0
DA:83,1
DA:84,1
DA:85,1
DA:86,1
DA:88,0
DA:94,0
DA:95,0
DA:97,0
DA:98,0
DA:99,0
DA:100,0
DA:101,0
DA:103,0
DA:108,0
DA:109,0
DA:111,0
DA:112,0
DA:114,0
DA:121,1
DA:122,1
LF:66
LH:33
BRDA:12,1,0,0
BRDA:12,1,1,5
BRDA:13,2,0,0
BRDA:13,2,1,5
BRDA:15,3,0,0
BRDA:15,3,1,0
BRDA:16,4,0,0
BRDA:16,4,1,0
BRDA:18,5,0,0
BRDA:18,5,1,0
BRDA:19,6,0,0
BRDA:19,6,1,0
BRDA:25,7,0,4
BRDA:25,7,1,1
BRDA:27,8,0,0
BRDA:27,8,1,4
BRDA:28,9,0,1
BRDA:28,9,1,3
BRDA:47,10,0,0
BRDA:47,10,1,0
BRDA:48,11,0,0
BRDA:48,11,1,0
BRDA:67,12,0,1
BRDA:67,12,1,0
BRDA:69,13,0,0
BRDA:69,13,1,1
BRDA:72,14,0,0
BRDA:72,14,1,1
BRDA:74,15,0,0
BRDA:74,15,1,0
BRDA:75,16,0,0
BRDA:75,16,1,0
BRDA:84,17,0,0
BRDA:84,17,1,1
BRDA:85,18,0,1
BRDA:85,18,1,0
BRDA:94,19,0,0
BRDA:94,19,1,0
BRDA:97,20,0,0
BRDA:97,20,1,0
BRDA:99,21,0,0
BRDA:99,21,1,0
BRDA:100,22,0,0
BRDA:100,22,1,0
BRDA:109,23,0,0
BRDA:109,23,1,0
BRDA:111,24,0,0
BRDA:111,24,1,0
BRF:48
BRH:12
end_of_record
